<?xml version="1.0" encoding="UTF-8"?>
<!-- Generated by org.testng.reporters.JUnitReportReporter -->
<testsuite hostname="DESKTOP-6J3RIMT" failures="0" tests="7" name="codenboxautomationlab1.codenboxautomationlab1.AppTest" time="2.483" errors="0" timestamp="2025-04-22T11:29:32 GMT+03:00" skipped="1">
  <testcase classname="codenboxautomationlab1.codenboxautomationlab1.AppTest" name="Dynamic_Dropdown" time="2.118"/>
  <testcase classname="codenboxautomationlab1.codenboxautomationlab1.AppTest" name="select_tag" time="0.071"/>
  <testcase classname="codenboxautomationlab1.codenboxautomationlab1.AppTest" name="select_tag" time="0.070"/>
  <testcase classname="codenboxautomationlab1.codenboxautomationlab1.AppTest" name="select_tag" time="0.056"/>
  <testcase classname="codenboxautomationlab1.codenboxautomationlab1.AppTest" name="select_tag" time="0.067"/>
  <testcase classname="codenboxautomationlab1.codenboxautomationlab1.AppTest" name="select_tag" time="0.101"/>
  <testcase classname="codenboxautomationlab1.codenboxautomationlab1.AppTest" name="RadioButton">
    <skipped/>
  </testcase> <!-- RadioButton -->
</testsuite> <!-- codenboxautomationlab1.codenboxautomationlab1.AppTest -->
